- - - - - - - - - - - - - - - - - - - - - - - - - - - - - - -
Addition of Points on the Elliptic Curve
EllipticCurve(a=2, b=2, p=17) over the Field of Integers mod 17
Point(None, None) is the Im. point at infinity
- - - - - - - - - - - - - - - - - - - - - - - - - - - - - - -
Point(x=None, y=None) + Point(x=None, y=None) = Point(x=None, y=None)
- - - - - - - - - - - - - - - - - - - - - - - - - - - - - - -
Point(x=None, y=None) + Point(x=0, y=6) = Point(x=0, y=6)
- - - - - - - - - - - - - - - - - - - - - - - - - - - - - - -
Point(x=None, y=None) + Point(x=0, y=11) = Point(x=0, y=11)
- - - - - - - - - - - - - - - - - - - - - - - - - - - - - - -
Point(x=None, y=None) + Point(x=3, y=1) = Point(x=3, y=1)
- - - - - - - - - - - - - - - - - - - - - - - - - - - - - - -
Point(x=None, y=None) + Point(x=3, y=16) = Point(x=3, y=16)
- - - - - - - - - - - - - - - - - - - - - - - - - - - - - - -
Point(x=None, y=None) + Point(x=5, y=1) = Point(x=5, y=1)
- - - - - - - - - - - - - - - - - - - - - - - - - - - - - - -
Point(x=None, y=None) + Point(x=5, y=16) = Point(x=5, y=16)
- - - - - - - - - - - - - - - - - - - - - - - - - - - - - - -
Point(x=None, y=None) + Point(x=6, y=3) = Point(x=6, y=3)
- - - - - - - - - - - - - - - - - - - - - - - - - - - - - - -
Point(x=None, y=None) + Point(x=6, y=14) = Point(x=6, y=14)
- - - - - - - - - - - - - - - - - - - - - - - - - - - - - - -
Point(x=None, y=None) + Point(x=7, y=6) = Point(x=7, y=6)
- - - - - - - - - - - - - - - - - - - - - - - - - - - - - - -
Point(x=None, y=None) + Point(x=7, y=11) = Point(x=7, y=11)
- - - - - - - - - - - - - - - - - - - - - - - - - - - - - - -
Point(x=None, y=None) + Point(x=9, y=1) = Point(x=9, y=1)
- - - - - - - - - - - - - - - - - - - - - - - - - - - - - - -
Point(x=None, y=None) + Point(x=9, y=16) = Point(x=9, y=16)
- - - - - - - - - - - - - - - - - - - - - - - - - - - - - - -
Point(x=None, y=None) + Point(x=10, y=6) = Point(x=10, y=6)
- - - - - - - - - - - - - - - - - - - - - - - - - - - - - - -
Point(x=None, y=None) + Point(x=10, y=11) = Point(x=10, y=11)
- - - - - - - - - - - - - - - - - - - - - - - - - - - - - - -
Point(x=None, y=None) + Point(x=13, y=7) = Point(x=13, y=7)
- - - - - - - - - - - - - - - - - - - - - - - - - - - - - - -
Point(x=None, y=None) + Point(x=13, y=10) = Point(x=13, y=10)
- - - - - - - - - - - - - - - - - - - - - - - - - - - - - - -
Point(x=None, y=None) + Point(x=16, y=4) = Point(x=16, y=4)
- - - - - - - - - - - - - - - - - - - - - - - - - - - - - - -
Point(x=None, y=None) + Point(x=16, y=13) = Point(x=16, y=13)
- - - - - - - - - - - - - - - - - - - - - - - - - - - - - - -
Point(x=0, y=6) + Point(x=None, y=None) = Point(x=0, y=6)
- - - - - - - - - - - - - - - - - - - - - - - - - - - - - - -
Point(x=0, y=6) + Point(x=0, y=6) = Point(x=9, y=1)
- - - - - - - - - - - - - - - - - - - - - - - - - - - - - - -
Point(x=0, y=6) + Point(x=0, y=11) = Point(x=None, y=None)
- - - - - - - - - - - - - - - - - - - - - - - - - - - - - - -
Point(x=0, y=6) + Point(x=3, y=1) = Point(x=13, y=10)
- - - - - - - - - - - - - - - - - - - - - - - - - - - - - - -
Point(x=0, y=6) + Point(x=3, y=16) = Point(x=10, y=6)
- - - - - - - - - - - - - - - - - - - - - - - - - - - - - - -
Point(x=0, y=6) + Point(x=5, y=1) = Point(x=13, y=7)
- - - - - - - - - - - - - - - - - - - - - - - - - - - - - - -
Point(x=0, y=6) + Point(x=5, y=16) = Point(x=16, y=13)
- - - - - - - - - - - - - - - - - - - - - - - - - - - - - - -
Point(x=0, y=6) + Point(x=6, y=3) = Point(x=7, y=6)
- - - - - - - - - - - - - - - - - - - - - - - - - - - - - - -
Point(x=0, y=6) + Point(x=6, y=14) = Point(x=9, y=16)
- - - - - - - - - - - - - - - - - - - - - - - - - - - - - - -
Point(x=0, y=6) + Point(x=7, y=6) = Point(x=10, y=11)
- - - - - - - - - - - - - - - - - - - - - - - - - - - - - - -
Point(x=0, y=6) + Point(x=7, y=11) = Point(x=6, y=14)
- - - - - - - - - - - - - - - - - - - - - - - - - - - - - - -
Point(x=0, y=6) + Point(x=9, y=1) = Point(x=6, y=3)
- - - - - - - - - - - - - - - - - - - - - - - - - - - - - - -
Point(x=0, y=6) + Point(x=9, y=16) = Point(x=0, y=11)
- - - - - - - - - - - - - - - - - - - - - - - - - - - - - - -
Point(x=0, y=6) + Point(x=10, y=6) = Point(x=7, y=11)
- - - - - - - - - - - - - - - - - - - - - - - - - - - - - - -
Point(x=0, y=6) + Point(x=10, y=11) = Point(x=3, y=1)
- - - - - - - - - - - - - - - - - - - - - - - - - - - - - - -
Point(x=0, y=6) + Point(x=13, y=7) = Point(x=3, y=16)
- - - - - - - - - - - - - - - - - - - - - - - - - - - - - - -
Point(x=0, y=6) + Point(x=13, y=10) = Point(x=5, y=16)
- - - - - - - - - - - - - - - - - - - - - - - - - - - - - - -
Point(x=0, y=6) + Point(x=16, y=4) = Point(x=5, y=1)
- - - - - - - - - - - - - - - - - - - - - - - - - - - - - - -
Point(x=0, y=6) + Point(x=16, y=13) = Point(x=16, y=4)
- - - - - - - - - - - - - - - - - - - - - - - - - - - - - - -
Point(x=0, y=11) + Point(x=None, y=None) = Point(x=0, y=11)
- - - - - - - - - - - - - - - - - - - - - - - - - - - - - - -
Point(x=0, y=11) + Point(x=0, y=6) = Point(x=None, y=None)
- - - - - - - - - - - - - - - - - - - - - - - - - - - - - - -
Point(x=0, y=11) + Point(x=0, y=11) = Point(x=9, y=16)
- - - - - - - - - - - - - - - - - - - - - - - - - - - - - - -
Point(x=0, y=11) + Point(x=3, y=1) = Point(x=10, y=11)
- - - - - - - - - - - - - - - - - - - - - - - - - - - - - - -
Point(x=0, y=11) + Point(x=3, y=16) = Point(x=13, y=7)
- - - - - - - - - - - - - - - - - - - - - - - - - - - - - - -
Point(x=0, y=11) + Point(x=5, y=1) = Point(x=16, y=4)
- - - - - - - - - - - - - - - - - - - - - - - - - - - - - - -
Point(x=0, y=11) + Point(x=5, y=16) = Point(x=13, y=10)
- - - - - - - - - - - - - - - - - - - - - - - - - - - - - - -
Point(x=0, y=11) + Point(x=6, y=3) = Point(x=9, y=1)
- - - - - - - - - - - - - - - - - - - - - - - - - - - - - - -
Point(x=0, y=11) + Point(x=6, y=14) = Point(x=7, y=11)
- - - - - - - - - - - - - - - - - - - - - - - - - - - - - - -
Point(x=0, y=11) + Point(x=7, y=6) = Point(x=6, y=3)
- - - - - - - - - - - - - - - - - - - - - - - - - - - - - - -
Point(x=0, y=11) + Point(x=7, y=11) = Point(x=10, y=6)
- - - - - - - - - - - - - - - - - - - - - - - - - - - - - - -
Point(x=0, y=11) + Point(x=9, y=1) = Point(x=0, y=6)
- - - - - - - - - - - - - - - - - - - - - - - - - - - - - - -
Point(x=0, y=11) + Point(x=9, y=16) = Point(x=6, y=14)
- - - - - - - - - - - - - - - - - - - - - - - - - - - - - - -
Point(x=0, y=11) + Point(x=10, y=6) = Point(x=3, y=16)
- - - - - - - - - - - - - - - - - - - - - - - - - - - - - - -
Point(x=0, y=11) + Point(x=10, y=11) = Point(x=7, y=6)
- - - - - - - - - - - - - - - - - - - - - - - - - - - - - - -
Point(x=0, y=11) + Point(x=13, y=7) = Point(x=5, y=1)
- - - - - - - - - - - - - - - - - - - - - - - - - - - - - - -
Point(x=0, y=11) + Point(x=13, y=10) = Point(x=3, y=1)
- - - - - - - - - - - - - - - - - - - - - - - - - - - - - - -
Point(x=0, y=11) + Point(x=16, y=4) = Point(x=16, y=13)
- - - - - - - - - - - - - - - - - - - - - - - - - - - - - - -
Point(x=0, y=11) + Point(x=16, y=13) = Point(x=5, y=16)
- - - - - - - - - - - - - - - - - - - - - - - - - - - - - - -
Point(x=3, y=1) + Point(x=None, y=None) = Point(x=3, y=1)
- - - - - - - - - - - - - - - - - - - - - - - - - - - - - - -
Point(x=3, y=1) + Point(x=0, y=6) = Point(x=13, y=10)
- - - - - - - - - - - - - - - - - - - - - - - - - - - - - - -
Point(x=3, y=1) + Point(x=0, y=11) = Point(x=10, y=11)
- - - - - - - - - - - - - - - - - - - - - - - - - - - - - - -
Point(x=3, y=1) + Point(x=3, y=1) = Point(x=13, y=7)
- - - - - - - - - - - - - - - - - - - - - - - - - - - - - - -
Point(x=3, y=1) + Point(x=3, y=16) = Point(x=None, y=None)
- - - - - - - - - - - - - - - - - - - - - - - - - - - - - - -
Point(x=3, y=1) + Point(x=5, y=1) = Point(x=9, y=16)
- - - - - - - - - - - - - - - - - - - - - - - - - - - - - - -
Point(x=3, y=1) + Point(x=5, y=16) = Point(x=10, y=6)
- - - - - - - - - - - - - - - - - - - - - - - - - - - - - - -
Point(x=3, y=1) + Point(x=6, y=3) = Point(x=16, y=13)
- - - - - - - - - - - - - - - - - - - - - - - - - - - - - - -
Point(x=3, y=1) + Point(x=6, y=14) = Point(x=6, y=3)
- - - - - - - - - - - - - - - - - - - - - - - - - - - - - - -
Point(x=3, y=1) + Point(x=7, y=6) = Point(x=16, y=4)
- - - - - - - - - - - - - - - - - - - - - - - - - - - - - - -
Point(x=3, y=1) + Point(x=7, y=11) = Point(x=9, y=1)
- - - - - - - - - - - - - - - - - - - - - - - - - - - - - - -
Point(x=3, y=1) + Point(x=9, y=1) = Point(x=5, y=16)
- - - - - - - - - - - - - - - - - - - - - - - - - - - - - - -
Point(x=3, y=1) + Point(x=9, y=16) = Point(x=7, y=6)
- - - - - - - - - - - - - - - - - - - - - - - - - - - - - - -
Point(x=3, y=1) + Point(x=10, y=6) = Point(x=0, y=6)
- - - - - - - - - - - - - - - - - - - - - - - - - - - - - - -
Point(x=3, y=1) + Point(x=10, y=11) = Point(x=5, y=1)
- - - - - - - - - - - - - - - - - - - - - - - - - - - - - - -
Point(x=3, y=1) + Point(x=13, y=7) = Point(x=0, y=11)
- - - - - - - - - - - - - - - - - - - - - - - - - - - - - - -
Point(x=3, y=1) + Point(x=13, y=10) = Point(x=3, y=16)
- - - - - - - - - - - - - - - - - - - - - - - - - - - - - - -
Point(x=3, y=1) + Point(x=16, y=4) = Point(x=6, y=14)
- - - - - - - - - - - - - - - - - - - - - - - - - - - - - - -
Point(x=3, y=1) + Point(x=16, y=13) = Point(x=7, y=11)
- - - - - - - - - - - - - - - - - - - - - - - - - - - - - - -
Point(x=3, y=16) + Point(x=None, y=None) = Point(x=3, y=16)
- - - - - - - - - - - - - - - - - - - - - - - - - - - - - - -
Point(x=3, y=16) + Point(x=0, y=6) = Point(x=10, y=6)
- - - - - - - - - - - - - - - - - - - - - - - - - - - - - - -
Point(x=3, y=16) + Point(x=0, y=11) = Point(x=13, y=7)
- - - - - - - - - - - - - - - - - - - - - - - - - - - - - - -
Point(x=3, y=16) + Point(x=3, y=1) = Point(x=None, y=None)
- - - - - - - - - - - - - - - - - - - - - - - - - - - - - - -
Point(x=3, y=16) + Point(x=3, y=16) = Point(x=13, y=10)
- - - - - - - - - - - - - - - - - - - - - - - - - - - - - - -
Point(x=3, y=16) + Point(x=5, y=1) = Point(x=10, y=11)
- - - - - - - - - - - - - - - - - - - - - - - - - - - - - - -
Point(x=3, y=16) + Point(x=5, y=16) = Point(x=9, y=1)
- - - - - - - - - - - - - - - - - - - - - - - - - - - - - - -
Point(x=3, y=16) + Point(x=6, y=3) = Point(x=6, y=14)
- - - - - - - - - - - - - - - - - - - - - - - - - - - - - - -
Point(x=3, y=16) + Point(x=6, y=14) = Point(x=16, y=4)
- - - - - - - - - - - - - - - - - - - - - - - - - - - - - - -
Point(x=3, y=16) + Point(x=7, y=6) = Point(x=9, y=16)
- - - - - - - - - - - - - - - - - - - - - - - - - - - - - - -
Point(x=3, y=16) + Point(x=7, y=11) = Point(x=16, y=13)
- - - - - - - - - - - - - - - - - - - - - - - - - - - - - - -
Point(x=3, y=16) + Point(x=9, y=1) = Point(x=7, y=11)
- - - - - - - - - - - - - - - - - - - - - - - - - - - - - - -
Point(x=3, y=16) + Point(x=9, y=16) = Point(x=5, y=1)
- - - - - - - - - - - - - - - - - - - - - - - - - - - - - - -
Point(x=3, y=16) + Point(x=10, y=6) = Point(x=5, y=16)
- - - - - - - - - - - - - - - - - - - - - - - - - - - - - - -
Point(x=3, y=16) + Point(x=10, y=11) = Point(x=0, y=11)
- - - - - - - - - - - - - - - - - - - - - - - - - - - - - - -
Point(x=3, y=16) + Point(x=13, y=7) = Point(x=3, y=1)
- - - - - - - - - - - - - - - - - - - - - - - - - - - - - - -
Point(x=3, y=16) + Point(x=13, y=10) = Point(x=0, y=6)
- - - - - - - - - - - - - - - - - - - - - - - - - - - - - - -
Point(x=3, y=16) + Point(x=16, y=4) = Point(x=7, y=6)
- - - - - - - - - - - - - - - - - - - - - - - - - - - - - - -
Point(x=3, y=16) + Point(x=16, y=13) = Point(x=6, y=3)
- - - - - - - - - - - - - - - - - - - - - - - - - - - - - - -
Point(x=5, y=1) + Point(x=None, y=None) = Point(x=5, y=1)
- - - - - - - - - - - - - - - - - - - - - - - - - - - - - - -
Point(x=5, y=1) + Point(x=0, y=6) = Point(x=13, y=7)
- - - - - - - - - - - - - - - - - - - - - - - - - - - - - - -
Point(x=5, y=1) + Point(x=0, y=11) = Point(x=16, y=4)
- - - - - - - - - - - - - - - - - - - - - - - - - - - - - - -
Point(x=5, y=1) + Point(x=3, y=1) = Point(x=9, y=16)
- - - - - - - - - - - - - - - - - - - - - - - - - - - - - - -
Point(x=5, y=1) + Point(x=3, y=16) = Point(x=10, y=11)
- - - - - - - - - - - - - - - - - - - - - - - - - - - - - - -
Point(x=5, y=1) + Point(x=5, y=1) = Point(x=6, y=3)
- - - - - - - - - - - - - - - - - - - - - - - - - - - - - - -
Point(x=5, y=1) + Point(x=5, y=16) = Point(x=None, y=None)
- - - - - - - - - - - - - - - - - - - - - - - - - - - - - - -
Point(x=5, y=1) + Point(x=6, y=3) = Point(x=10, y=6)
- - - - - - - - - - - - - - - - - - - - - - - - - - - - - - -
Point(x=5, y=1) + Point(x=6, y=14) = Point(x=5, y=16)
- - - - - - - - - - - - - - - - - - - - - - - - - - - - - - -
Point(x=5, y=1) + Point(x=7, y=6) = Point(x=7, y=11)
- - - - - - - - - - - - - - - - - - - - - - - - - - - - - - -
Point(x=5, y=1) + Point(x=7, y=11) = Point(x=13, y=10)
- - - - - - - - - - - - - - - - - - - - - - - - - - - - - - -
Point(x=5, y=1) + Point(x=9, y=1) = Point(x=3, y=16)
- - - - - - - - - - - - - - - - - - - - - - - - - - - - - - -
Point(x=5, y=1) + Point(x=9, y=16) = Point(x=16, y=13)
- - - - - - - - - - - - - - - - - - - - - - - - - - - - - - -
Point(x=5, y=1) + Point(x=10, y=6) = Point(x=3, y=1)
- - - - - - - - - - - - - - - - - - - - - - - - - - - - - - -
Point(x=5, y=1) + Point(x=10, y=11) = Point(x=6, y=14)
- - - - - - - - - - - - - - - - - - - - - - - - - - - - - - -
Point(x=5, y=1) + Point(x=13, y=7) = Point(x=7, y=6)
- - - - - - - - - - - - - - - - - - - - - - - - - - - - - - -
Point(x=5, y=1) + Point(x=13, y=10) = Point(x=0, y=11)
- - - - - - - - - - - - - - - - - - - - - - - - - - - - - - -
Point(x=5, y=1) + Point(x=16, y=4) = Point(x=9, y=1)
- - - - - - - - - - - - - - - - - - - - - - - - - - - - - - -
Point(x=5, y=1) + Point(x=16, y=13) = Point(x=0, y=6)
- - - - - - - - - - - - - - - - - - - - - - - - - - - - - - -
Point(x=5, y=16) + Point(x=None, y=None) = Point(x=5, y=16)
- - - - - - - - - - - - - - - - - - - - - - - - - - - - - - -
Point(x=5, y=16) + Point(x=0, y=6) = Point(x=16, y=13)
- - - - - - - - - - - - - - - - - - - - - - - - - - - - - - -
Point(x=5, y=16) + Point(x=0, y=11) = Point(x=13, y=10)
- - - - - - - - - - - - - - - - - - - - - - - - - - - - - - -
Point(x=5, y=16) + Point(x=3, y=1) = Point(x=10, y=6)
- - - - - - - - - - - - - - - - - - - - - - - - - - - - - - -
Point(x=5, y=16) + Point(x=3, y=16) = Point(x=9, y=1)
- - - - - - - - - - - - - - - - - - - - - - - - - - - - - - -
Point(x=5, y=16) + Point(x=5, y=1) = Point(x=None, y=None)
- - - - - - - - - - - - - - - - - - - - - - - - - - - - - - -
Point(x=5, y=16) + Point(x=5, y=16) = Point(x=6, y=14)
- - - - - - - - - - - - - - - - - - - - - - - - - - - - - - -
Point(x=5, y=16) + Point(x=6, y=3) = Point(x=5, y=1)
- - - - - - - - - - - - - - - - - - - - - - - - - - - - - - -
Point(x=5, y=16) + Point(x=6, y=14) = Point(x=10, y=11)
- - - - - - - - - - - - - - - - - - - - - - - - - - - - - - -
Point(x=5, y=16) + Point(x=7, y=6) = Point(x=13, y=7)
- - - - - - - - - - - - - - - - - - - - - - - - - - - - - - -
Point(x=5, y=16) + Point(x=7, y=11) = Point(x=7, y=6)
- - - - - - - - - - - - - - - - - - - - - - - - - - - - - - -
Point(x=5, y=16) + Point(x=9, y=1) = Point(x=16, y=4)
- - - - - - - - - - - - - - - - - - - - - - - - - - - - - - -
Point(x=5, y=16) + Point(x=9, y=16) = Point(x=3, y=1)
- - - - - - - - - - - - - - - - - - - - - - - - - - - - - - -
Point(x=5, y=16) + Point(x=10, y=6) = Point(x=6, y=3)
- - - - - - - - - - - - - - - - - - - - - - - - - - - - - - -
Point(x=5, y=16) + Point(x=10, y=11) = Point(x=3, y=16)
- - - - - - - - - - - - - - - - - - - - - - - - - - - - - - -
Point(x=5, y=16) + Point(x=13, y=7) = Point(x=0, y=6)
- - - - - - - - - - - - - - - - - - - - - - - - - - - - - - -
Point(x=5, y=16) + Point(x=13, y=10) = Point(x=7, y=11)
- - - - - - - - - - - - - - - - - - - - - - - - - - - - - - -
Point(x=5, y=16) + Point(x=16, y=4) = Point(x=0, y=11)
- - - - - - - - - - - - - - - - - - - - - - - - - - - - - - -
Point(x=5, y=16) + Point(x=16, y=13) = Point(x=9, y=16)
- - - - - - - - - - - - - - - - - - - - - - - - - - - - - - -
Point(x=6, y=3) + Point(x=None, y=None) = Point(x=6, y=3)
- - - - - - - - - - - - - - - - - - - - - - - - - - - - - - -
Point(x=6, y=3) + Point(x=0, y=6) = Point(x=7, y=6)
- - - - - - - - - - - - - - - - - - - - - - - - - - - - - - -
Point(x=6, y=3) + Point(x=0, y=11) = Point(x=9, y=1)
- - - - - - - - - - - - - - - - - - - - - - - - - - - - - - -
Point(x=6, y=3) + Point(x=3, y=1) = Point(x=16, y=13)
- - - - - - - - - - - - - - - - - - - - - - - - - - - - - - -
Point(x=6, y=3) + Point(x=3, y=16) = Point(x=6, y=14)
- - - - - - - - - - - - - - - - - - - - - - - - - - - - - - -
Point(x=6, y=3) + Point(x=5, y=1) = Point(x=10, y=6)
- - - - - - - - - - - - - - - - - - - - - - - - - - - - - - -
Point(x=6, y=3) + Point(x=5, y=16) = Point(x=5, y=1)
- - - - - - - - - - - - - - - - - - - - - - - - - - - - - - -
Point(x=6, y=3) + Point(x=6, y=3) = Point(x=3, y=1)
- - - - - - - - - - - - - - - - - - - - - - - - - - - - - - -
Point(x=6, y=3) + Point(x=6, y=14) = Point(x=None, y=None)
- - - - - - - - - - - - - - - - - - - - - - - - - - - - - - -
Point(x=6, y=3) + Point(x=7, y=6) = Point(x=13, y=10)
- - - - - - - - - - - - - - - - - - - - - - - - - - - - - - -
Point(x=6, y=3) + Point(x=7, y=11) = Point(x=0, y=11)
- - - - - - - - - - - - - - - - - - - - - - - - - - - - - - -
Point(x=6, y=3) + Point(x=9, y=1) = Point(x=10, y=11)
- - - - - - - - - - - - - - - - - - - - - - - - - - - - - - -
Point(x=6, y=3) + Point(x=9, y=16) = Point(x=0, y=6)
- - - - - - - - - - - - - - - - - - - - - - - - - - - - - - -
Point(x=6, y=3) + Point(x=10, y=6) = Point(x=9, y=16)
- - - - - - - - - - - - - - - - - - - - - - - - - - - - - - -
Point(x=6, y=3) + Point(x=10, y=11) = Point(x=5, y=16)
- - - - - - - - - - - - - - - - - - - - - - - - - - - - - - -
Point(x=6, y=3) + Point(x=13, y=7) = Point(x=7, y=11)
- - - - - - - - - - - - - - - - - - - - - - - - - - - - - - -
Point(x=6, y=3) + Point(x=13, y=10) = Point(x=16, y=4)
- - - - - - - - - - - - - - - - - - - - - - - - - - - - - - -
Point(x=6, y=3) + Point(x=16, y=4) = Point(x=3, y=16)
- - - - - - - - - - - - - - - - - - - - - - - - - - - - - - -
Point(x=6, y=3) + Point(x=16, y=13) = Point(x=13, y=7)
- - - - - - - - - - - - - - - - - - - - - - - - - - - - - - -
Point(x=6, y=14) + Point(x=None, y=None) = Point(x=6, y=14)
- - - - - - - - - - - - - - - - - - - - - - - - - - - - - - -
Point(x=6, y=14) + Point(x=0, y=6) = Point(x=9, y=16)
- - - - - - - - - - - - - - - - - - - - - - - - - - - - - - -
Point(x=6, y=14) + Point(x=0, y=11) = Point(x=7, y=11)
- - - - - - - - - - - - - - - - - - - - - - - - - - - - - - -
Point(x=6, y=14) + Point(x=3, y=1) = Point(x=6, y=3)
- - - - - - - - - - - - - - - - - - - - - - - - - - - - - - -
Point(x=6, y=14) + Point(x=3, y=16) = Point(x=16, y=4)
- - - - - - - - - - - - - - - - - - - - - - - - - - - - - - -
Point(x=6, y=14) + Point(x=5, y=1) = Point(x=5, y=16)
- - - - - - - - - - - - - - - - - - - - - - - - - - - - - - -
Point(x=6, y=14) + Point(x=5, y=16) = Point(x=10, y=11)
- - - - - - - - - - - - - - - - - - - - - - - - - - - - - - -
Point(x=6, y=14) + Point(x=6, y=3) = Point(x=None, y=None)
- - - - - - - - - - - - - - - - - - - - - - - - - - - - - - -
Point(x=6, y=14) + Point(x=6, y=14) = Point(x=3, y=16)
- - - - - - - - - - - - - - - - - - - - - - - - - - - - - - -
Point(x=6, y=14) + Point(x=7, y=6) = Point(x=0, y=6)
- - - - - - - - - - - - - - - - - - - - - - - - - - - - - - -
Point(x=6, y=14) + Point(x=7, y=11) = Point(x=13, y=7)
- - - - - - - - - - - - - - - - - - - - - - - - - - - - - - -
Point(x=6, y=14) + Point(x=9, y=1) = Point(x=0, y=11)
- - - - - - - - - - - - - - - - - - - - - - - - - - - - - - -
Point(x=6, y=14) + Point(x=9, y=16) = Point(x=10, y=6)
- - - - - - - - - - - - - - - - - - - - - - - - - - - - - - -
Point(x=6, y=14) + Point(x=10, y=6) = Point(x=5, y=1)
- - - - - - - - - - - - - - - - - - - - - - - - - - - - - - -
Point(x=6, y=14) + Point(x=10, y=11) = Point(x=9, y=1)
- - - - - - - - - - - - - - - - - - - - - - - - - - - - - - -
Point(x=6, y=14) + Point(x=13, y=7) = Point(x=16, y=13)
- - - - - - - - - - - - - - - - - - - - - - - - - - - - - - -
Point(x=6, y=14) + Point(x=13, y=10) = Point(x=7, y=6)
- - - - - - - - - - - - - - - - - - - - - - - - - - - - - - -
Point(x=6, y=14) + Point(x=16, y=4) = Point(x=13, y=10)
- - - - - - - - - - - - - - - - - - - - - - - - - - - - - - -
Point(x=6, y=14) + Point(x=16, y=13) = Point(x=3, y=1)
- - - - - - - - - - - - - - - - - - - - - - - - - - - - - - -
Point(x=7, y=6) + Point(x=None, y=None) = Point(x=7, y=6)
- - - - - - - - - - - - - - - - - - - - - - - - - - - - - - -
Point(x=7, y=6) + Point(x=0, y=6) = Point(x=10, y=11)
- - - - - - - - - - - - - - - - - - - - - - - - - - - - - - -
Point(x=7, y=6) + Point(x=0, y=11) = Point(x=6, y=3)
- - - - - - - - - - - - - - - - - - - - - - - - - - - - - - -
Point(x=7, y=6) + Point(x=3, y=1) = Point(x=16, y=4)
- - - - - - - - - - - - - - - - - - - - - - - - - - - - - - -
Point(x=7, y=6) + Point(x=3, y=16) = Point(x=9, y=16)
- - - - - - - - - - - - - - - - - - - - - - - - - - - - - - -
Point(x=7, y=6) + Point(x=5, y=1) = Point(x=7, y=11)
- - - - - - - - - - - - - - - - - - - - - - - - - - - - - - -
Point(x=7, y=6) + Point(x=5, y=16) = Point(x=13, y=7)
- - - - - - - - - - - - - - - - - - - - - - - - - - - - - - -
Point(x=7, y=6) + Point(x=6, y=3) = Point(x=13, y=10)
- - - - - - - - - - - - - - - - - - - - - - - - - - - - - - -
Point(x=7, y=6) + Point(x=6, y=14) = Point(x=0, y=6)
- - - - - - - - - - - - - - - - - - - - - - - - - - - - - - -
Point(x=7, y=6) + Point(x=7, y=6) = Point(x=5, y=16)
- - - - - - - - - - - - - - - - - - - - - - - - - - - - - - -
Point(x=7, y=6) + Point(x=7, y=11) = Point(x=None, y=None)
- - - - - - - - - - - - - - - - - - - - - - - - - - - - - - -
Point(x=7, y=6) + Point(x=9, y=1) = Point(x=3, y=1)
- - - - - - - - - - - - - - - - - - - - - - - - - - - - - - -
Point(x=7, y=6) + Point(x=9, y=16) = Point(x=9, y=1)
- - - - - - - - - - - - - - - - - - - - - - - - - - - - - - -
Point(x=7, y=6) + Point(x=10, y=6) = Point(x=0, y=11)
- - - - - - - - - - - - - - - - - - - - - - - - - - - - - - -
Point(x=7, y=6) + Point(x=10, y=11) = Point(x=16, y=13)
- - - - - - - - - - - - - - - - - - - - - - - - - - - - - - -
Point(x=7, y=6) + Point(x=13, y=7) = Point(x=6, y=14)
- - - - - - - - - - - - - - - - - - - - - - - - - - - - - - -
Point(x=7, y=6) + Point(x=13, y=10) = Point(x=5, y=1)
- - - - - - - - - - - - - - - - - - - - - - - - - - - - - - -
Point(x=7, y=6) + Point(x=16, y=4) = Point(x=10, y=6)
- - - - - - - - - - - - - - - - - - - - - - - - - - - - - - -
Point(x=7, y=6) + Point(x=16, y=13) = Point(x=3, y=16)
- - - - - - - - - - - - - - - - - - - - - - - - - - - - - - -
Point(x=7, y=11) + Point(x=None, y=None) = Point(x=7, y=11)
- - - - - - - - - - - - - - - - - - - - - - - - - - - - - - -
Point(x=7, y=11) + Point(x=0, y=6) = Point(x=6, y=14)
- - - - - - - - - - - - - - - - - - - - - - - - - - - - - - -
Point(x=7, y=11) + Point(x=0, y=11) = Point(x=10, y=6)
- - - - - - - - - - - - - - - - - - - - - - - - - - - - - - -
Point(x=7, y=11) + Point(x=3, y=1) = Point(x=9, y=1)
- - - - - - - - - - - - - - - - - - - - - - - - - - - - - - -
Point(x=7, y=11) + Point(x=3, y=16) = Point(x=16, y=13)
- - - - - - - - - - - - - - - - - - - - - - - - - - - - - - -
Point(x=7, y=11) + Point(x=5, y=1) = Point(x=13, y=10)
- - - - - - - - - - - - - - - - - - - - - - - - - - - - - - -
Point(x=7, y=11) + Point(x=5, y=16) = Point(x=7, y=6)
- - - - - - - - - - - - - - - - - - - - - - - - - - - - - - -
Point(x=7, y=11) + Point(x=6, y=3) = Point(x=0, y=11)
- - - - - - - - - - - - - - - - - - - - - - - - - - - - - - -
Point(x=7, y=11) + Point(x=6, y=14) = Point(x=13, y=7)
- - - - - - - - - - - - - - - - - - - - - - - - - - - - - - -
Point(x=7, y=11) + Point(x=7, y=6) = Point(x=None, y=None)
- - - - - - - - - - - - - - - - - - - - - - - - - - - - - - -
Point(x=7, y=11) + Point(x=7, y=11) = Point(x=5, y=1)
- - - - - - - - - - - - - - - - - - - - - - - - - - - - - - -
Point(x=7, y=11) + Point(x=9, y=1) = Point(x=9, y=16)
- - - - - - - - - - - - - - - - - - - - - - - - - - - - - - -
Point(x=7, y=11) + Point(x=9, y=16) = Point(x=3, y=16)
- - - - - - - - - - - - - - - - - - - - - - - - - - - - - - -
Point(x=7, y=11) + Point(x=10, y=6) = Point(x=16, y=4)
- - - - - - - - - - - - - - - - - - - - - - - - - - - - - - -
Point(x=7, y=11) + Point(x=10, y=11) = Point(x=0, y=6)
- - - - - - - - - - - - - - - - - - - - - - - - - - - - - - -
Point(x=7, y=11) + Point(x=13, y=7) = Point(x=5, y=16)
- - - - - - - - - - - - - - - - - - - - - - - - - - - - - - -
Point(x=7, y=11) + Point(x=13, y=10) = Point(x=6, y=3)
- - - - - - - - - - - - - - - - - - - - - - - - - - - - - - -
Point(x=7, y=11) + Point(x=16, y=4) = Point(x=3, y=1)
- - - - - - - - - - - - - - - - - - - - - - - - - - - - - - -
Point(x=7, y=11) + Point(x=16, y=13) = Point(x=10, y=11)
- - - - - - - - - - - - - - - - - - - - - - - - - - - - - - -
Point(x=9, y=1) + Point(x=None, y=None) = Point(x=9, y=1)
- - - - - - - - - - - - - - - - - - - - - - - - - - - - - - -
Point(x=9, y=1) + Point(x=0, y=6) = Point(x=6, y=3)
- - - - - - - - - - - - - - - - - - - - - - - - - - - - - - -
Point(x=9, y=1) + Point(x=0, y=11) = Point(x=0, y=6)
- - - - - - - - - - - - - - - - - - - - - - - - - - - - - - -
Point(x=9, y=1) + Point(x=3, y=1) = Point(x=5, y=16)
- - - - - - - - - - - - - - - - - - - - - - - - - - - - - - -
Point(x=9, y=1) + Point(x=3, y=16) = Point(x=7, y=11)
- - - - - - - - - - - - - - - - - - - - - - - - - - - - - - -
Point(x=9, y=1) + Point(x=5, y=1) = Point(x=3, y=16)
- - - - - - - - - - - - - - - - - - - - - - - - - - - - - - -
Point(x=9, y=1) + Point(x=5, y=16) = Point(x=16, y=4)
- - - - - - - - - - - - - - - - - - - - - - - - - - - - - - -
Point(x=9, y=1) + Point(x=6, y=3) = Point(x=10, y=11)
- - - - - - - - - - - - - - - - - - - - - - - - - - - - - - -
Point(x=9, y=1) + Point(x=6, y=14) = Point(x=0, y=11)
- - - - - - - - - - - - - - - - - - - - - - - - - - - - - - -
Point(x=9, y=1) + Point(x=7, y=6) = Point(x=3, y=1)
- - - - - - - - - - - - - - - - - - - - - - - - - - - - - - -
Point(x=9, y=1) + Point(x=7, y=11) = Point(x=9, y=16)
- - - - - - - - - - - - - - - - - - - - - - - - - - - - - - -
Point(x=9, y=1) + Point(x=9, y=1) = Point(x=7, y=6)
- - - - - - - - - - - - - - - - - - - - - - - - - - - - - - -
Point(x=9, y=1) + Point(x=9, y=16) = Point(x=None, y=None)
- - - - - - - - - - - - - - - - - - - - - - - - - - - - - - -
Point(x=9, y=1) + Point(x=10, y=6) = Point(x=6, y=14)
- - - - - - - - - - - - - - - - - - - - - - - - - - - - - - -
Point(x=9, y=1) + Point(x=10, y=11) = Point(x=13, y=10)
- - - - - - - - - - - - - - - - - - - - - - - - - - - - - - -
Point(x=9, y=1) + Point(x=13, y=7) = Point(x=10, y=6)
- - - - - - - - - - - - - - - - - - - - - - - - - - - - - - -
Point(x=9, y=1) + Point(x=13, y=10) = Point(x=16, y=13)
- - - - - - - - - - - - - - - - - - - - - - - - - - - - - - -
Point(x=9, y=1) + Point(x=16, y=4) = Point(x=13, y=7)
- - - - - - - - - - - - - - - - - - - - - - - - - - - - - - -
Point(x=9, y=1) + Point(x=16, y=13) = Point(x=5, y=1)
- - - - - - - - - - - - - - - - - - - - - - - - - - - - - - -
Point(x=9, y=16) + Point(x=None, y=None) = Point(x=9, y=16)
- - - - - - - - - - - - - - - - - - - - - - - - - - - - - - -
Point(x=9, y=16) + Point(x=0, y=6) = Point(x=0, y=11)
- - - - - - - - - - - - - - - - - - - - - - - - - - - - - - -
Point(x=9, y=16) + Point(x=0, y=11) = Point(x=6, y=14)
- - - - - - - - - - - - - - - - - - - - - - - - - - - - - - -
Point(x=9, y=16) + Point(x=3, y=1) = Point(x=7, y=6)
- - - - - - - - - - - - - - - - - - - - - - - - - - - - - - -
Point(x=9, y=16) + Point(x=3, y=16) = Point(x=5, y=1)
- - - - - - - - - - - - - - - - - - - - - - - - - - - - - - -
Point(x=9, y=16) + Point(x=5, y=1) = Point(x=16, y=13)
- - - - - - - - - - - - - - - - - - - - - - - - - - - - - - -
Point(x=9, y=16) + Point(x=5, y=16) = Point(x=3, y=1)
- - - - - - - - - - - - - - - - - - - - - - - - - - - - - - -
Point(x=9, y=16) + Point(x=6, y=3) = Point(x=0, y=6)
- - - - - - - - - - - - - - - - - - - - - - - - - - - - - - -
Point(x=9, y=16) + Point(x=6, y=14) = Point(x=10, y=6)
- - - - - - - - - - - - - - - - - - - - - - - - - - - - - - -
Point(x=9, y=16) + Point(x=7, y=6) = Point(x=9, y=1)
- - - - - - - - - - - - - - - - - - - - - - - - - - - - - - -
Point(x=9, y=16) + Point(x=7, y=11) = Point(x=3, y=16)
- - - - - - - - - - - - - - - - - - - - - - - - - - - - - - -
Point(x=9, y=16) + Point(x=9, y=1) = Point(x=None, y=None)
- - - - - - - - - - - - - - - - - - - - - - - - - - - - - - -
Point(x=9, y=16) + Point(x=9, y=16) = Point(x=7, y=11)
- - - - - - - - - - - - - - - - - - - - - - - - - - - - - - -
Point(x=9, y=16) + Point(x=10, y=6) = Point(x=13, y=7)
- - - - - - - - - - - - - - - - - - - - - - - - - - - - - - -
Point(x=9, y=16) + Point(x=10, y=11) = Point(x=6, y=3)
- - - - - - - - - - - - - - - - - - - - - - - - - - - - - - -
Point(x=9, y=16) + Point(x=13, y=7) = Point(x=16, y=4)
- - - - - - - - - - - - - - - - - - - - - - - - - - - - - - -
Point(x=9, y=16) + Point(x=13, y=10) = Point(x=10, y=11)
- - - - - - - - - - - - - - - - - - - - - - - - - - - - - - -
Point(x=9, y=16) + Point(x=16, y=4) = Point(x=5, y=16)
- - - - - - - - - - - - - - - - - - - - - - - - - - - - - - -
Point(x=9, y=16) + Point(x=16, y=13) = Point(x=13, y=10)
- - - - - - - - - - - - - - - - - - - - - - - - - - - - - - -
Point(x=10, y=6) + Point(x=None, y=None) = Point(x=10, y=6)
- - - - - - - - - - - - - - - - - - - - - - - - - - - - - - -
Point(x=10, y=6) + Point(x=0, y=6) = Point(x=7, y=11)
- - - - - - - - - - - - - - - - - - - - - - - - - - - - - - -
Point(x=10, y=6) + Point(x=0, y=11) = Point(x=3, y=16)
- - - - - - - - - - - - - - - - - - - - - - - - - - - - - - -
Point(x=10, y=6) + Point(x=3, y=1) = Point(x=0, y=6)
- - - - - - - - - - - - - - - - - - - - - - - - - - - - - - -
Point(x=10, y=6) + Point(x=3, y=16) = Point(x=5, y=16)
- - - - - - - - - - - - - - - - - - - - - - - - - - - - - - -
Point(x=10, y=6) + Point(x=5, y=1) = Point(x=3, y=1)
- - - - - - - - - - - - - - - - - - - - - - - - - - - - - - -
Point(x=10, y=6) + Point(x=5, y=16) = Point(x=6, y=3)
- - - - - - - - - - - - - - - - - - - - - - - - - - - - - - -
Point(x=10, y=6) + Point(x=6, y=3) = Point(x=9, y=16)
- - - - - - - - - - - - - - - - - - - - - - - - - - - - - - -
Point(x=10, y=6) + Point(x=6, y=14) = Point(x=5, y=1)
- - - - - - - - - - - - - - - - - - - - - - - - - - - - - - -
Point(x=10, y=6) + Point(x=7, y=6) = Point(x=0, y=11)
- - - - - - - - - - - - - - - - - - - - - - - - - - - - - - -
Point(x=10, y=6) + Point(x=7, y=11) = Point(x=16, y=4)
- - - - - - - - - - - - - - - - - - - - - - - - - - - - - - -
Point(x=10, y=6) + Point(x=9, y=1) = Point(x=6, y=14)
- - - - - - - - - - - - - - - - - - - - - - - - - - - - - - -
Point(x=10, y=6) + Point(x=9, y=16) = Point(x=13, y=7)
- - - - - - - - - - - - - - - - - - - - - - - - - - - - - - -
Point(x=10, y=6) + Point(x=10, y=6) = Point(x=16, y=13)
- - - - - - - - - - - - - - - - - - - - - - - - - - - - - - -
Point(x=10, y=6) + Point(x=10, y=11) = Point(x=None, y=None)
- - - - - - - - - - - - - - - - - - - - - - - - - - - - - - -
Point(x=10, y=6) + Point(x=13, y=7) = Point(x=13, y=10)
- - - - - - - - - - - - - - - - - - - - - - - - - - - - - - -
Point(x=10, y=6) + Point(x=13, y=10) = Point(x=9, y=1)
- - - - - - - - - - - - - - - - - - - - - - - - - - - - - - -
Point(x=10, y=6) + Point(x=16, y=4) = Point(x=10, y=11)
- - - - - - - - - - - - - - - - - - - - - - - - - - - - - - -
Point(x=10, y=6) + Point(x=16, y=13) = Point(x=7, y=6)
- - - - - - - - - - - - - - - - - - - - - - - - - - - - - - -
Point(x=10, y=11) + Point(x=None, y=None) = Point(x=10, y=11)
- - - - - - - - - - - - - - - - - - - - - - - - - - - - - - -
Point(x=10, y=11) + Point(x=0, y=6) = Point(x=3, y=1)
- - - - - - - - - - - - - - - - - - - - - - - - - - - - - - -
Point(x=10, y=11) + Point(x=0, y=11) = Point(x=7, y=6)
- - - - - - - - - - - - - - - - - - - - - - - - - - - - - - -
Point(x=10, y=11) + Point(x=3, y=1) = Point(x=5, y=1)
- - - - - - - - - - - - - - - - - - - - - - - - - - - - - - -
Point(x=10, y=11) + Point(x=3, y=16) = Point(x=0, y=11)
- - - - - - - - - - - - - - - - - - - - - - - - - - - - - - -
Point(x=10, y=11) + Point(x=5, y=1) = Point(x=6, y=14)
- - - - - - - - - - - - - - - - - - - - - - - - - - - - - - -
Point(x=10, y=11) + Point(x=5, y=16) = Point(x=3, y=16)
- - - - - - - - - - - - - - - - - - - - - - - - - - - - - - -
Point(x=10, y=11) + Point(x=6, y=3) = Point(x=5, y=16)
- - - - - - - - - - - - - - - - - - - - - - - - - - - - - - -
Point(x=10, y=11) + Point(x=6, y=14) = Point(x=9, y=1)
- - - - - - - - - - - - - - - - - - - - - - - - - - - - - - -
Point(x=10, y=11) + Point(x=7, y=6) = Point(x=16, y=13)
- - - - - - - - - - - - - - - - - - - - - - - - - - - - - - -
Point(x=10, y=11) + Point(x=7, y=11) = Point(x=0, y=6)
- - - - - - - - - - - - - - - - - - - - - - - - - - - - - - -
Point(x=10, y=11) + Point(x=9, y=1) = Point(x=13, y=10)
- - - - - - - - - - - - - - - - - - - - - - - - - - - - - - -
Point(x=10, y=11) + Point(x=9, y=16) = Point(x=6, y=3)
- - - - - - - - - - - - - - - - - - - - - - - - - - - - - - -
Point(x=10, y=11) + Point(x=10, y=6) = Point(x=None, y=None)
- - - - - - - - - - - - - - - - - - - - - - - - - - - - - - -
Point(x=10, y=11) + Point(x=10, y=11) = Point(x=16, y=4)
- - - - - - - - - - - - - - - - - - - - - - - - - - - - - - -
Point(x=10, y=11) + Point(x=13, y=7) = Point(x=9, y=16)
- - - - - - - - - - - - - - - - - - - - - - - - - - - - - - -
Point(x=10, y=11) + Point(x=13, y=10) = Point(x=13, y=7)
- - - - - - - - - - - - - - - - - - - - - - - - - - - - - - -
Point(x=10, y=11) + Point(x=16, y=4) = Point(x=7, y=11)
- - - - - - - - - - - - - - - - - - - - - - - - - - - - - - -
Point(x=10, y=11) + Point(x=16, y=13) = Point(x=10, y=6)
- - - - - - - - - - - - - - - - - - - - - - - - - - - - - - -
Point(x=13, y=7) + Point(x=None, y=None) = Point(x=13, y=7)
- - - - - - - - - - - - - - - - - - - - - - - - - - - - - - -
Point(x=13, y=7) + Point(x=0, y=6) = Point(x=3, y=16)
- - - - - - - - - - - - - - - - - - - - - - - - - - - - - - -
Point(x=13, y=7) + Point(x=0, y=11) = Point(x=5, y=1)
- - - - - - - - - - - - - - - - - - - - - - - - - - - - - - -
Point(x=13, y=7) + Point(x=3, y=1) = Point(x=0, y=11)
- - - - - - - - - - - - - - - - - - - - - - - - - - - - - - -
Point(x=13, y=7) + Point(x=3, y=16) = Point(x=3, y=1)
- - - - - - - - - - - - - - - - - - - - - - - - - - - - - - -
Point(x=13, y=7) + Point(x=5, y=1) = Point(x=7, y=6)
- - - - - - - - - - - - - - - - - - - - - - - - - - - - - - -
Point(x=13, y=7) + Point(x=5, y=16) = Point(x=0, y=6)
- - - - - - - - - - - - - - - - - - - - - - - - - - - - - - -
Point(x=13, y=7) + Point(x=6, y=3) = Point(x=7, y=11)
- - - - - - - - - - - - - - - - - - - - - - - - - - - - - - -
Point(x=13, y=7) + Point(x=6, y=14) = Point(x=16, y=13)
- - - - - - - - - - - - - - - - - - - - - - - - - - - - - - -
Point(x=13, y=7) + Point(x=7, y=6) = Point(x=6, y=14)
- - - - - - - - - - - - - - - - - - - - - - - - - - - - - - -
Point(x=13, y=7) + Point(x=7, y=11) = Point(x=5, y=16)
- - - - - - - - - - - - - - - - - - - - - - - - - - - - - - -
Point(x=13, y=7) + Point(x=9, y=1) = Point(x=10, y=6)
- - - - - - - - - - - - - - - - - - - - - - - - - - - - - - -
Point(x=13, y=7) + Point(x=9, y=16) = Point(x=16, y=4)
- - - - - - - - - - - - - - - - - - - - - - - - - - - - - - -
Point(x=13, y=7) + Point(x=10, y=6) = Point(x=13, y=10)
- - - - - - - - - - - - - - - - - - - - - - - - - - - - - - -
Point(x=13, y=7) + Point(x=10, y=11) = Point(x=9, y=16)
- - - - - - - - - - - - - - - - - - - - - - - - - - - - - - -
Point(x=13, y=7) + Point(x=13, y=7) = Point(x=10, y=11)
- - - - - - - - - - - - - - - - - - - - - - - - - - - - - - -
Point(x=13, y=7) + Point(x=13, y=10) = Point(x=None, y=None)
- - - - - - - - - - - - - - - - - - - - - - - - - - - - - - -
Point(x=13, y=7) + Point(x=16, y=4) = Point(x=6, y=3)
- - - - - - - - - - - - - - - - - - - - - - - - - - - - - - -
Point(x=13, y=7) + Point(x=16, y=13) = Point(x=9, y=1)
- - - - - - - - - - - - - - - - - - - - - - - - - - - - - - -
Point(x=13, y=10) + Point(x=None, y=None) = Point(x=13, y=10)
- - - - - - - - - - - - - - - - - - - - - - - - - - - - - - -
Point(x=13, y=10) + Point(x=0, y=6) = Point(x=5, y=16)
- - - - - - - - - - - - - - - - - - - - - - - - - - - - - - -
Point(x=13, y=10) + Point(x=0, y=11) = Point(x=3, y=1)
- - - - - - - - - - - - - - - - - - - - - - - - - - - - - - -
Point(x=13, y=10) + Point(x=3, y=1) = Point(x=3, y=16)
- - - - - - - - - - - - - - - - - - - - - - - - - - - - - - -
Point(x=13, y=10) + Point(x=3, y=16) = Point(x=0, y=6)
- - - - - - - - - - - - - - - - - - - - - - - - - - - - - - -
Point(x=13, y=10) + Point(x=5, y=1) = Point(x=0, y=11)
- - - - - - - - - - - - - - - - - - - - - - - - - - - - - - -
Point(x=13, y=10) + Point(x=5, y=16) = Point(x=7, y=11)
- - - - - - - - - - - - - - - - - - - - - - - - - - - - - - -
Point(x=13, y=10) + Point(x=6, y=3) = Point(x=16, y=4)
- - - - - - - - - - - - - - - - - - - - - - - - - - - - - - -
Point(x=13, y=10) + Point(x=6, y=14) = Point(x=7, y=6)
- - - - - - - - - - - - - - - - - - - - - - - - - - - - - - -
Point(x=13, y=10) + Point(x=7, y=6) = Point(x=5, y=1)
- - - - - - - - - - - - - - - - - - - - - - - - - - - - - - -
Point(x=13, y=10) + Point(x=7, y=11) = Point(x=6, y=3)
- - - - - - - - - - - - - - - - - - - - - - - - - - - - - - -
Point(x=13, y=10) + Point(x=9, y=1) = Point(x=16, y=13)
- - - - - - - - - - - - - - - - - - - - - - - - - - - - - - -
Point(x=13, y=10) + Point(x=9, y=16) = Point(x=10, y=11)
- - - - - - - - - - - - - - - - - - - - - - - - - - - - - - -
Point(x=13, y=10) + Point(x=10, y=6) = Point(x=9, y=1)
- - - - - - - - - - - - - - - - - - - - - - - - - - - - - - -
Point(x=13, y=10) + Point(x=10, y=11) = Point(x=13, y=7)
- - - - - - - - - - - - - - - - - - - - - - - - - - - - - - -
Point(x=13, y=10) + Point(x=13, y=7) = Point(x=None, y=None)
- - - - - - - - - - - - - - - - - - - - - - - - - - - - - - -
Point(x=13, y=10) + Point(x=13, y=10) = Point(x=10, y=6)
- - - - - - - - - - - - - - - - - - - - - - - - - - - - - - -
Point(x=13, y=10) + Point(x=16, y=4) = Point(x=9, y=16)
- - - - - - - - - - - - - - - - - - - - - - - - - - - - - - -
Point(x=13, y=10) + Point(x=16, y=13) = Point(x=6, y=14)
- - - - - - - - - - - - - - - - - - - - - - - - - - - - - - -
Point(x=16, y=4) + Point(x=None, y=None) = Point(x=16, y=4)
- - - - - - - - - - - - - - - - - - - - - - - - - - - - - - -
Point(x=16, y=4) + Point(x=0, y=6) = Point(x=5, y=1)
- - - - - - - - - - - - - - - - - - - - - - - - - - - - - - -
Point(x=16, y=4) + Point(x=0, y=11) = Point(x=16, y=13)
- - - - - - - - - - - - - - - - - - - - - - - - - - - - - - -
Point(x=16, y=4) + Point(x=3, y=1) = Point(x=6, y=14)
- - - - - - - - - - - - - - - - - - - - - - - - - - - - - - -
Point(x=16, y=4) + Point(x=3, y=16) = Point(x=7, y=6)
- - - - - - - - - - - - - - - - - - - - - - - - - - - - - - -
Point(x=16, y=4) + Point(x=5, y=1) = Point(x=9, y=1)
- - - - - - - - - - - - - - - - - - - - - - - - - - - - - - -
Point(x=16, y=4) + Point(x=5, y=16) = Point(x=0, y=11)
- - - - - - - - - - - - - - - - - - - - - - - - - - - - - - -
Point(x=16, y=4) + Point(x=6, y=3) = Point(x=3, y=16)
- - - - - - - - - - - - - - - - - - - - - - - - - - - - - - -
Point(x=16, y=4) + Point(x=6, y=14) = Point(x=13, y=10)
- - - - - - - - - - - - - - - - - - - - - - - - - - - - - - -
Point(x=16, y=4) + Point(x=7, y=6) = Point(x=10, y=6)
- - - - - - - - - - - - - - - - - - - - - - - - - - - - - - -
Point(x=16, y=4) + Point(x=7, y=11) = Point(x=3, y=1)
- - - - - - - - - - - - - - - - - - - - - - - - - - - - - - -
Point(x=16, y=4) + Point(x=9, y=1) = Point(x=13, y=7)
- - - - - - - - - - - - - - - - - - - - - - - - - - - - - - -
Point(x=16, y=4) + Point(x=9, y=16) = Point(x=5, y=16)
- - - - - - - - - - - - - - - - - - - - - - - - - - - - - - -
Point(x=16, y=4) + Point(x=10, y=6) = Point(x=10, y=11)
- - - - - - - - - - - - - - - - - - - - - - - - - - - - - - -
Point(x=16, y=4) + Point(x=10, y=11) = Point(x=7, y=11)
- - - - - - - - - - - - - - - - - - - - - - - - - - - - - - -
Point(x=16, y=4) + Point(x=13, y=7) = Point(x=6, y=3)
- - - - - - - - - - - - - - - - - - - - - - - - - - - - - - -
Point(x=16, y=4) + Point(x=13, y=10) = Point(x=9, y=16)
- - - - - - - - - - - - - - - - - - - - - - - - - - - - - - -
Point(x=16, y=4) + Point(x=16, y=4) = Point(x=0, y=6)
- - - - - - - - - - - - - - - - - - - - - - - - - - - - - - -
Point(x=16, y=4) + Point(x=16, y=13) = Point(x=None, y=None)
- - - - - - - - - - - - - - - - - - - - - - - - - - - - - - -
Point(x=16, y=13) + Point(x=None, y=None) = Point(x=16, y=13)
- - - - - - - - - - - - - - - - - - - - - - - - - - - - - - -
Point(x=16, y=13) + Point(x=0, y=6) = Point(x=16, y=4)
- - - - - - - - - - - - - - - - - - - - - - - - - - - - - - -
Point(x=16, y=13) + Point(x=0, y=11) = Point(x=5, y=16)
- - - - - - - - - - - - - - - - - - - - - - - - - - - - - - -
Point(x=16, y=13) + Point(x=3, y=1) = Point(x=7, y=11)
- - - - - - - - - - - - - - - - - - - - - - - - - - - - - - -
Point(x=16, y=13) + Point(x=3, y=16) = Point(x=6, y=3)
- - - - - - - - - - - - - - - - - - - - - - - - - - - - - - -
Point(x=16, y=13) + Point(x=5, y=1) = Point(x=0, y=6)
- - - - - - - - - - - - - - - - - - - - - - - - - - - - - - -
Point(x=16, y=13) + Point(x=5, y=16) = Point(x=9, y=16)
- - - - - - - - - - - - - - - - - - - - - - - - - - - - - - -
Point(x=16, y=13) + Point(x=6, y=3) = Point(x=13, y=7)
- - - - - - - - - - - - - - - - - - - - - - - - - - - - - - -
Point(x=16, y=13) + Point(x=6, y=14) = Point(x=3, y=1)
- - - - - - - - - - - - - - - - - - - - - - - - - - - - - - -
Point(x=16, y=13) + Point(x=7, y=6) = Point(x=3, y=16)
- - - - - - - - - - - - - - - - - - - - - - - - - - - - - - -
Point(x=16, y=13) + Point(x=7, y=11) = Point(x=10, y=11)
- - - - - - - - - - - - - - - - - - - - - - - - - - - - - - -
Point(x=16, y=13) + Point(x=9, y=1) = Point(x=5, y=1)
- - - - - - - - - - - - - - - - - - - - - - - - - - - - - - -
Point(x=16, y=13) + Point(x=9, y=16) = Point(x=13, y=10)
- - - - - - - - - - - - - - - - - - - - - - - - - - - - - - -
Point(x=16, y=13) + Point(x=10, y=6) = Point(x=7, y=6)
- - - - - - - - - - - - - - - - - - - - - - - - - - - - - - -
Point(x=16, y=13) + Point(x=10, y=11) = Point(x=10, y=6)
- - - - - - - - - - - - - - - - - - - - - - - - - - - - - - -
Point(x=16, y=13) + Point(x=13, y=7) = Point(x=9, y=1)
- - - - - - - - - - - - - - - - - - - - - - - - - - - - - - -
Point(x=16, y=13) + Point(x=13, y=10) = Point(x=6, y=14)
- - - - - - - - - - - - - - - - - - - - - - - - - - - - - - -
Point(x=16, y=13) + Point(x=16, y=4) = Point(x=None, y=None)
- - - - - - - - - - - - - - - - - - - - - - - - - - - - - - -
Point(x=16, y=13) + Point(x=16, y=13) = Point(x=0, y=11)
